CODE: 0 - THREAD_ID: 0
ClientSocket: 5; Start: Mon Nov 21 13:08:05 2022
CODE: 0 - THREAD_ID: 0
ClientSocket: 5; Path: /home/dev1/Programas/SD/App/index.html
 End: Mon Nov 21 13:08:05 2022; Duration: 0.00000000; Status: SUCCESS

CODE: 0 - THREAD_ID: 1
ClientSocket: 6; Start: Mon Nov 21 13:08:17 2022
CODE: 0 - THREAD_ID: 1
ClientSocket: 6; Path: /home/dev1/Programas/SD/App/index.html
 End: Mon Nov 21 13:08:17 2022; Duration: 0.00000000; Status: SUCCESS

CODE: 0 - THREAD_ID: 2
ClientSocket: 5; Start: Mon Nov 21 13:08:17 2022
CODE: 0 - THREAD_ID: 2
ClientSocket: 5; Path: /home/dev1/Programas/SD/App/images/bg2.jpg
 End: Mon Nov 21 13:08:17 2022; Duration: 0.00000000; Status: SUCCESS

CODE: 0 - THREAD_ID: 3
ClientSocket: 6; Start: Mon Nov 21 13:08:18 2022
CODE: 0 - THREAD_ID: 5
ClientSocket: 5; Start: Mon Nov 21 13:08:18 2022
CODE: 0 - THREAD_ID: 3
ClientSocket: 6; Path: /home/dev1/Programas/SD/App/favicon.ico
 End: Mon Nov 21 13:08:18 2022; Duration: 0.00000000; Status: ERROR

CODE: 0 - THREAD_ID: 4
ClientSocket: 7; Start: Mon Nov 21 13:08:36 2022
CODE: 0 - THREAD_ID: 5
ClientSocket: 5; Path: /home/dev1/Programas/SD/App/index.html
 End: Mon Nov 21 13:09:16 2022; Duration: 58.00000000; Status: SUCCESS

CODE: 0 - THREAD_ID: 0
ClientSocket: 5; Start: Mon Nov 21 13:27:51 2022
CODE: 0 - THREAD_ID: 1
ClientSocket: 6; Start: Mon Nov 21 13:27:51 2022
CODE: 0 - THREAD_ID: 0
ClientSocket: 5; Path: /home/dev1/Programas/SD/App/index.html
 End: Mon Nov 21 13:27:51 2022; Duration: 0.00000000; Status: SUCCESS

CODE: 0 - THREAD_ID: 2
ClientSocket: 7; Start: Mon Nov 21 13:27:54 2022
CODE: 0 - THREAD_ID: 1
ClientSocket: 6; Path: /home/dev1/Programas/SD/App/images/bg2.jpg
 End: Mon Nov 21 13:27:54 2022; Duration: 3.00000000; Status: SUCCESS

CODE: 0 - THREAD_ID: 3
ClientSocket: 5; Start: Mon Nov 21 13:28:35 2022
CODE: 0 - THREAD_ID: 2
ClientSocket: 7; Path: /home/dev1/Programas/SD/App/images/bg2.jpg
 End: Mon Nov 21 13:28:35 2022; Duration: 41.00000000; Status: SUCCESS

CODE: 0 - THREAD_ID: 4
ClientSocket: 6; Start: Mon Nov 21 13:28:40 2022
CODE: 0 - THREAD_ID: 0
ClientSocket: 5; Start: Mon Nov 21 13:44:50 2022
CODE: 0 - THREAD_ID: 1
ClientSocket: 6; Start: Mon Nov 21 13:44:50 2022
CODE: 0 - THREAD_ID: 0
ClientSocket: 5; Start: Mon Nov 21 13:46:14 2022
CODE: 0 - THREAD_ID: 1
ClientSocket: 6; Start: Mon Nov 21 13:46:14 2022
CODE: 0 - THREAD_ID: 2
ClientSocket: 5; Start: Mon Nov 21 15:25:55 2022
CODE: 0 - THREAD_ID: 3
ClientSocket: 6; Start: Mon Nov 21 15:25:55 2022
CODE: 0 - THREAD_ID: 2
ClientSocket: 5; Path: /home/dev1/Programas/SD/App/images/bg2.jpg
 End: Mon Nov 21 15:25:55 2022; Duration: 0.00000000; Status: SUCCESS

CODE: 0 - THREAD_ID: 1
ClientSocket: 7; Start: Mon Nov 21 15:25:56 2022
CODE: 0 - THREAD_ID: 3
ClientSocket: 6; Path: /home/dev1/Programas/SD/App/images/bg2.jpg
 End: Mon Nov 21 15:25:56 2022; Duration: 1.00000000; Status: SUCCESS

CODE: 0 - THREAD_ID: 0
ClientSocket: 5; Start: Mon Nov 21 15:26:01 2022
CODE: 0 - THREAD_ID: 1
ClientSocket: 7; Path: /home/dev1/Programas/SD/App/images/bg2.jpg
 End: Mon Nov 21 15:26:01 2022; Duration: 5.00000000; Status: SUCCESS

CODE: 0 - THREAD_ID: 5
ClientSocket: 6; Start: Mon Nov 21 15:26:02 2022
CODE: 0 - THREAD_ID: 0
ClientSocket: 5; Path: /home/dev1/Programas/SD/App/index.html
 End: Mon Nov 21 15:26:09 2022; Duration: 8.00000000; Status: SUCCESS

CODE: 0 - THREAD_ID: 4
ClientSocket: 7; Start: Mon Nov 21 15:26:12 2022
CODE: 0 - THREAD_ID: 5
ClientSocket: 6; Path: /home/dev1/Programas/SD/App/index.html
 End: Mon Nov 21 15:26:12 2022; Duration: 10.00000000; Status: SUCCESS

CODE: 1 - THREAD_ID: 2
ClientSocket: 5; Start: Mon Nov 21 15:26:13 2022
CODE: 0 - THREAD_ID: 4
ClientSocket: 7; Path: /home/dev1/Programas/SD/App/index.html
 End: Mon Nov 21 15:26:13 2022; Duration: 1.00000000; Status: SUCCESS

CODE: 0 - THREAD_ID: 0
ClientSocket: 5; Start: Mon Nov 21 15:29:14 2022
CODE: 0 - THREAD_ID: 1
ClientSocket: 6; Start: Mon Nov 21 15:29:14 2022
CODE: 0 - THREAD_ID: 0
ClientSocket: 5; Path: /home/dev1/Programas/SD/App/index.html
 End: Mon Nov 21 15:29:14 2022; Duration: 0.00000000; Status: SUCCESS

CODE: 0 - THREAD_ID: 2
ClientSocket: 7; Start: Mon Nov 21 15:29:25 2022
CODE: 0 - THREAD_ID: 1
ClientSocket: 6; Path: /home/dev1/Programas/SD/App/index.html
 End: Mon Nov 21 15:29:25 2022; Duration: 11.00000000; Status: SUCCESS

CODE: 0 - THREAD_ID: 3
ClientSocket: 5; Start: Mon Nov 21 15:29:41 2022
CODE: 0 - THREAD_ID: 2
ClientSocket: 7; Path: /home/dev1/Programas/SD/App/index.html
 End: Mon Nov 21 15:29:41 2022; Duration: 16.00000000; Status: SUCCESS

CODE: 0 - THREAD_ID: 3
ClientSocket: 5; Path: /home/dev1/Programas/SD/App/images/bg2.jpg
 End: Mon Nov 21 15:29:41 2022; Duration: 0.00000000; Status: SUCCESS

CODE: 0 - THREAD_ID: 4
ClientSocket: 6; Start: Mon Nov 21 15:29:41 2022
CODE: 0 - THREAD_ID: 4
ClientSocket: 6; Path: /home/dev1/Programas/SD/App/favicon.ico
 End: Mon Nov 21 15:29:41 2022; Duration: 0.00000000; Status: ERROR

