CODE: 0 - THREAD_ID: 0
ClientSocket: 5; Start: Sun Nov 20 01:32:47 2022
CODE: 0 - THREAD_ID: 0
ClientSocket: 5; Path: /home/dev1/Programas/SD/App/index.html
 End: Sun Nov 20 01:32:47 2022; Duration: 0.00000000; Status: SUCCESS

CODE: 0 - THREAD_ID: 1
ClientSocket: 6; Start: Sun Nov 20 01:32:47 2022
CODE: 0 - THREAD_ID: 1
ClientSocket: 6; Path: /home/dev1/Programas/SD/App/images/bg2.jpg
 End: Sun Nov 20 01:32:47 2022; Duration: 0.00000000; Status: SUCCESS

CODE: 0 - THREAD_ID: 2
ClientSocket: 5; Start: Sun Nov 20 01:32:48 2022
CODE: 0 - THREAD_ID: 3
ClientSocket: 6; Start: Sun Nov 20 01:32:48 2022
CODE: 0 - THREAD_ID: 2
ClientSocket: 5; Path: /home/dev1/Programas/SD/App/images/bg2.jpg
 End: Sun Nov 20 01:32:48 2022; Duration: 0.00000000; Status: SUCCESS

CODE: 0 - THREAD_ID: 3
ClientSocket: 6; Path: /home/dev1/Programas/SD/App/favicon.ico
 End: Sun Nov 20 01:32:48 2022; Duration: 0.00000000; Status: ERROR

CODE: 0 - THREAD_ID: 0
ClientSocket: 5; Start: Sun Nov 20 01:37:34 2022
CODE: 0 - THREAD_ID: 1
ClientSocket: 6; Start: Sun Nov 20 01:37:34 2022
CODE: 0 - THREAD_ID: 0
ClientSocket: 5; Start: Sun Nov 20 01:53:54 2022
CODE: 0 - THREAD_ID: 1
ClientSocket: 6; Start: Sun Nov 20 01:53:54 2022
CODE: 0 - THREAD_ID: 0
ClientSocket: 5; Start: Sun Nov 20 01:58:19 2022
CODE: 0 - THREAD_ID: 1
ClientSocket: 6; Start: Sun Nov 20 01:58:19 2022
CODE: 0 - THREAD_ID: 0
ClientSocket: 5; Start: Sun Nov 20 01:59:45 2022
CODE: 0 - THREAD_ID: 1
ClientSocket: 6; Start: Sun Nov 20 01:59:45 2022
CODE: 0 - THREAD_ID: 0
ClientSocket: 5; Start: Sun Nov 20 02:10:27 2022
CODE: 0 - THREAD_ID: 1
ClientSocket: 6; Start: Sun Nov 20 02:10:27 2022
CODE: 0 - THREAD_ID: 0
ClientSocket: 5; Start: Sun Nov 20 02:14:53 2022
CODE: 0 - THREAD_ID: 1
ClientSocket: 6; Start: Sun Nov 20 02:14:53 2022
CODE: 0 - THREAD_ID: 0
ClientSocket: 5; Path: /home/dev1/Programas/SD/App/index.html
 End: Sun Nov 20 02:14:53 2022; Duration: 0.00000000; Status: SUCCESS

CODE: 0 - THREAD_ID: 1
ClientSocket: 6; Path: /home/dev1/Programas/SD/App/images/bg2.jpg
 End: Sun Nov 20 02:14:53 2022; Duration: 0.00000000; Status: SUCCESS

CODE: 0 - THREAD_ID: 2
ClientSocket: 7; Start: Sun Nov 20 02:14:53 2022
CODE: 0 - THREAD_ID: 2
ClientSocket: 7; Path: /home/dev1/Programas/SD/App/favicon.ico
 End: Sun Nov 20 02:14:53 2022; Duration: 0.00000000; Status: ERROR

CODE: 0 - THREAD_ID: 0
ClientSocket: 5; Start: Sun Nov 20 02:15:57 2022
CODE: 0 - THREAD_ID: 1
ClientSocket: 6; Start: Sun Nov 20 02:15:57 2022
CODE: 0 - THREAD_ID: 0
ClientSocket: 5; Start: Sun Nov 20 02:17:19 2022
CODE: 0 - THREAD_ID: 1
ClientSocket: 6; Start: Sun Nov 20 02:17:19 2022
CODE: 0 - THREAD_ID: 0
ClientSocket: 5; Start: Sun Nov 20 02:36:25 2022
CODE: 0 - THREAD_ID: 1
ClientSocket: 6; Start: Sun Nov 20 02:36:25 2022
CODE: 0 - THREAD_ID: 0
ClientSocket: 5; Path: /home/dev1/Programas/SD/App/index.html
 End: Sun Nov 20 02:36:25 2022; Duration: 0.00000000; Status: SUCCESS

CODE: 0 - THREAD_ID: 1
ClientSocket: 6; Path: /home/dev1/Programas/SD/App/images/bg2.jpg
 End: Sun Nov 20 02:36:25 2022; Duration: 0.00000000; Status: SUCCESS

CODE: 0 - THREAD_ID: 2
ClientSocket: 7; Start: Sun Nov 20 02:36:42 2022
CODE: 0 - THREAD_ID: 3
ClientSocket: 5; Start: Sun Nov 20 02:36:42 2022
CODE: 0 - THREAD_ID: 2
ClientSocket: 7; Path: /home/dev1/Programas/SD/App/images/bg2.jpg
 End: Sun Nov 20 02:36:42 2022; Duration: 0.00000000; Status: SUCCESS

CODE: 0 - THREAD_ID: 4
ClientSocket: 6; Start: Sun Nov 20 02:37:00 2022
CODE: 0 - THREAD_ID: 3
ClientSocket: 5; Path: /home/dev1/Programas/SD/App/images/logoFACOM.png
 End: Sun Nov 20 02:37:00 2022; Duration: 18.00000000; Status: SUCCESS

CODE: 0 - THREAD_ID: 0
ClientSocket: 5; Start: Sun Nov 20 02:48:27 2022
CODE: 0 - THREAD_ID: 1
ClientSocket: 6; Start: Sun Nov 20 02:48:27 2022
CODE: 0 - THREAD_ID: 0
ClientSocket: 5; Path: /home/dev1/Programas/SD/App/index.html
 End: Sun Nov 20 02:48:27 2022; Duration: 0.00000000; Status: SUCCESS

CODE: 0 - THREAD_ID: 1
ClientSocket: 6; Path: /home/dev1/Programas/SD/App/images/bg2.jpg
 End: Sun Nov 20 02:48:27 2022; Duration: 0.00000000; Status: SUCCESS

CODE: 0 - THREAD_ID: 5
ClientSocket: 5; Start: Sun Nov 20 02:51:43 2022
CODE: 0 - THREAD_ID: 0
ClientSocket: 6; Start: Sun Nov 20 02:51:43 2022
CODE: 0 - THREAD_ID: 5
ClientSocket: 5; Path: /home/dev1/Programas/SD/App/index.html
 End: Sun Nov 20 02:51:43 2022; Duration: 0.00000000; Status: SUCCESS

CODE: 0 - THREAD_ID: 0
ClientSocket: 6; Path: /home/dev1/Programas/SD/App/images/bg2.jpg
 End: Sun Nov 20 02:51:43 2022; Duration: 0.00000000; Status: SUCCESS

CODE: 0 - THREAD_ID: 0
ClientSocket: 5; Start: Sun Nov 20 02:55:05 2022
CODE: 0 - THREAD_ID: 1
ClientSocket: 6; Start: Sun Nov 20 02:55:05 2022
CODE: 0 - THREAD_ID: 0
ClientSocket: 5; Path: /home/dev1/Programas/SD/App/index.html
 End: Sun Nov 20 02:55:05 2022; Duration: 0.00000000; Status: SUCCESS

CODE: 0 - THREAD_ID: 1
ClientSocket: 6; Path: /home/dev1/Programas/SD/App/images/bg2.jpg
 End: Sun Nov 20 02:55:05 2022; Duration: 0.00000000; Status: SUCCESS

CODE: 0 - THREAD_ID: 2
ClientSocket: 7; Start: Sun Nov 20 02:55:10 2022
CODE: 0 - THREAD_ID: 3
ClientSocket: 5; Start: Sun Nov 20 02:55:10 2022
CODE: 0 - THREAD_ID: 2
ClientSocket: 7; Path: /home/dev1/Programas/SD/App/images/logoFACOM.png
 End: Sun Nov 20 02:55:10 2022; Duration: 0.00000000; Status: SUCCESS

CODE: 0 - THREAD_ID: 0
ClientSocket: 5; Start: Sun Nov 20 02:56:50 2022
CODE: 0 - THREAD_ID: 1
ClientSocket: 6; Start: Sun Nov 20 02:56:50 2022
CODE: 0 - THREAD_ID: 0
ClientSocket: 5; Path: /home/dev1/Programas/SD/App/index.html
 End: Sun Nov 20 02:56:50 2022; Duration: 0.00000000; Status: SUCCESS

CODE: 0 - THREAD_ID: 1
ClientSocket: 6; Path: /home/dev1/Programas/SD/App/images/bg2.jpg
 End: Sun Nov 20 02:56:50 2022; Duration: 0.00000000; Status: SUCCESS

CODE: 0 - THREAD_ID: 0
ClientSocket: 5; Start: Sun Nov 20 02:58:08 2022
CODE: 0 - THREAD_ID: 2
ClientSocket: 6; Start: Sun Nov 20 02:58:08 2022
CODE: 0 - THREAD_ID: 0
ClientSocket: 5; Path: /home/dev1/Programas/SD/App/index.html
 End: Sun Nov 20 02:58:08 2022; Duration: 0.00000000; Status: SUCCESS

CODE: 0 - THREAD_ID: 2
ClientSocket: 6; Path: /home/dev1/Programas/SD/App/images/bg2.jpg
 End: Sun Nov 20 02:58:08 2022; Duration: 0.00000000; Status: SUCCESS

CODE: 0 - THREAD_ID: 0
ClientSocket: 5; Start: Sun Nov 20 02:59:25 2022
CODE: 0 - THREAD_ID: 1
ClientSocket: 6; Start: Sun Nov 20 02:59:25 2022
CODE: 0 - THREAD_ID: 0
ClientSocket: 5; Path: /home/dev1/Programas/SD/App/index.html
 End: Sun Nov 20 02:59:25 2022; Duration: 0.00000000; Status: SUCCESS

CODE: 0 - THREAD_ID: 1
ClientSocket: 6; Path: /home/dev1/Programas/SD/App/images/bg2.jpg
 End: Sun Nov 20 02:59:25 2022; Duration: 0.00000000; Status: SUCCESS

CODE: 0 - THREAD_ID: 1
ClientSocket: 5; Start: Sun Nov 20 03:01:19 2022
CODE: 0 - THREAD_ID: 0
ClientSocket: 6; Start: Sun Nov 20 03:01:19 2022
CODE: 0 - THREAD_ID: 1
ClientSocket: 5; Path: /home/dev1/Programas/SD/App/index.html
 End: Sun Nov 20 03:01:19 2022; Duration: 0.00000000; Status: SUCCESS

CODE: 0 - THREAD_ID: 0
ClientSocket: 6; Path: /home/dev1/Programas/SD/App/images/bg2.jpg
 End: Sun Nov 20 03:01:19 2022; Duration: 0.00000000; Status: SUCCESS

CODE: 0 - THREAD_ID: 0
ClientSocket: 5; Start: Sun Nov 20 03:02:29 2022
CODE: 0 - THREAD_ID: 1
ClientSocket: 6; Start: Sun Nov 20 03:02:29 2022
CODE: 0 - THREAD_ID: 0
ClientSocket: 5; Path: /home/dev1/Programas/SD/App/index.html
 End: Sun Nov 20 03:02:29 2022; Duration: 0.00000000; Status: SUCCESS

CODE: 0 - THREAD_ID: 1
ClientSocket: 6; Path: /home/dev1/Programas/SD/App/images/bg2.jpg
 End: Sun Nov 20 03:02:29 2022; Duration: 0.00000000; Status: SUCCESS

CODE: 0 - THREAD_ID: 2
ClientSocket: 7; Start: Sun Nov 20 03:02:32 2022
CODE: 0 - THREAD_ID: 3
ClientSocket: 5; Start: Sun Nov 20 03:02:32 2022
CODE: 0 - THREAD_ID: 2
ClientSocket: 7; Path: /home/dev1/Programas/SD/App/index.html
 End: Sun Nov 20 03:02:32 2022; Duration: 0.00000000; Status: SUCCESS

CODE: 0 - THREAD_ID: 3
ClientSocket: 5; Path: /home/dev1/Programas/SD/App/images/bg2.jpg
 End: Sun Nov 20 03:02:32 2022; Duration: 0.00000000; Status: SUCCESS

CODE: 0 - THREAD_ID: 0
ClientSocket: 5; Start: Sun Nov 20 03:08:44 2022
CODE: 0 - THREAD_ID: 2
ClientSocket: 6; Start: Sun Nov 20 03:08:44 2022
CODE: 0 - THREAD_ID: 0
ClientSocket: 5; Path: /home/dev1/Programas/SD/App/index.html
 End: Sun Nov 20 03:08:44 2022; Duration: 0.00000000; Status: SUCCESS

CODE: 0 - THREAD_ID: 2
ClientSocket: 6; Path: /home/dev1/Programas/SD/App/images/bg2.jpg
 End: Sun Nov 20 03:08:45 2022; Duration: 1.00000000; Status: SUCCESS

CODE: 0 - THREAD_ID: 0
ClientSocket: 5; Start: Sun Nov 20 03:09:52 2022
CODE: 0 - THREAD_ID: 1
ClientSocket: 6; Start: Sun Nov 20 03:09:52 2022
CODE: 0 - THREAD_ID: 0
ClientSocket: 5; Path: /home/dev1/Programas/SD/App/index.html
 End: Sun Nov 20 03:09:52 2022; Duration: 0.00000000; Status: SUCCESS

CODE: 0 - THREAD_ID: 1
ClientSocket: 6; Path: /home/dev1/Programas/SD/App/images/bg2.jpg
 End: Sun Nov 20 03:09:52 2022; Duration: 0.00000000; Status: SUCCESS

CODE: 0 - THREAD_ID: 0
ClientSocket: 5; Start: Sun Nov 20 03:11:23 2022
CODE: 0 - THREAD_ID: 1
ClientSocket: 6; Start: Sun Nov 20 03:11:23 2022
CODE: 0 - THREAD_ID: 0
ClientSocket: 5; Path: /home/dev1/Programas/SD/App/index.html
 End: Sun Nov 20 03:11:23 2022; Duration: 0.00000000; Status: SUCCESS

CODE: 0 - THREAD_ID: 1
ClientSocket: 6; Path: /home/dev1/Programas/SD/App/images/bg2.jpg
 End: Sun Nov 20 03:11:23 2022; Duration: 0.00000000; Status: SUCCESS

CODE: 0 - THREAD_ID: 0
ClientSocket: 5; Start: Sun Nov 20 03:15:44 2022
CODE: 0 - THREAD_ID: 1
ClientSocket: 6; Start: Sun Nov 20 03:15:44 2022
CODE: 0 - THREAD_ID: 0
ClientSocket: 5; Path: /home/dev1/Programas/SD/App/index.html
 End: Sun Nov 20 03:15:44 2022; Duration: 0.00000000; Status: SUCCESS

CODE: 0 - THREAD_ID: 1
ClientSocket: 6; Path: /home/dev1/Programas/SD/App/images/bg2.jpg
 End: Sun Nov 20 03:15:44 2022; Duration: 0.00000000; Status: SUCCESS

CODE: 0 - THREAD_ID: 0
ClientSocket: 5; Start: Sun Nov 20 03:17:02 2022
CODE: 0 - THREAD_ID: 1
ClientSocket: 6; Start: Sun Nov 20 03:17:02 2022
CODE: 0 - THREAD_ID: 0
ClientSocket: 5; Path: /home/dev1/Programas/SD/App/index.html
 End: Sun Nov 20 03:17:02 2022; Duration: 0.00000000; Status: SUCCESS

CODE: 0 - THREAD_ID: 1
ClientSocket: 6; Path: /home/dev1/Programas/SD/App/images/bg2.jpg
 End: Sun Nov 20 03:17:02 2022; Duration: 0.00000000; Status: SUCCESS

CODE: 0 - THREAD_ID: 0
ClientSocket: 5; Start: Sun Nov 20 03:18:42 2022
CODE: 0 - THREAD_ID: 1
ClientSocket: 6; Start: Sun Nov 20 03:18:42 2022
CODE: 0 - THREAD_ID: 0
ClientSocket: 5; Path: /home/dev1/Programas/SD/App/index.html
 End: Sun Nov 20 03:18:42 2022; Duration: 0.00000000; Status: SUCCESS

CODE: 0 - THREAD_ID: 0
ClientSocket: 5; Start: Sun Nov 20 03:20:26 2022
CODE: 0 - THREAD_ID: 1
ClientSocket: 6; Start: Sun Nov 20 03:20:26 2022
CODE: 0 - THREAD_ID: 0
ClientSocket: 5; Path: /home/dev1/Programas/SD/App/index.html
 End: Sun Nov 20 03:20:26 2022; Duration: 0.00000000; Status: SUCCESS

CODE: 0 - THREAD_ID: 0
ClientSocket: 5; Start: Sun Nov 20 03:28:52 2022
CODE: 0 - THREAD_ID: 1
ClientSocket: 6; Start: Sun Nov 20 03:28:52 2022
CODE: 0 - THREAD_ID: 0
ClientSocket: 5; Path: /home/dev1/Programas/SD/App/images/logoFACOM.png
 End: Sun Nov 20 03:28:52 2022; Duration: 0.00000000; Status: SUCCESS

CODE: 0 - THREAD_ID: 0
ClientSocket: 5; Start: Sun Nov 20 03:30:11 2022
CODE: 0 - THREAD_ID: 2
ClientSocket: 6; Start: Sun Nov 20 03:30:11 2022
CODE: 0 - THREAD_ID: 0
ClientSocket: 5; Path: /home/dev1/Programas/SD/App/index.html
 End: Sun Nov 20 03:30:11 2022; Duration: 0.00000000; Status: SUCCESS

CODE: 0 - THREAD_ID: 4
ClientSocket: 7; Start: Sun Nov 20 03:30:14 2022
CODE: 0 - THREAD_ID: 2
ClientSocket: 6; Path: /home/dev1/Programas/SD/App/index.html
 End: Sun Nov 20 03:30:14 2022; Duration: 3.00000000; Status: SUCCESS

CODE: 0 - THREAD_ID: 3
ClientSocket: 5; Start: Sun Nov 20 03:30:46 2022
CODE: 0 - THREAD_ID: 3
ClientSocket: 5; Path: /home/dev1/Programas/SD/App/index.html
 End: Sun Nov 20 03:30:46 2022; Duration: 0.00000000; Status: SUCCESS

CODE: 0 - THREAD_ID: 0
ClientSocket: 5; Start: Sun Nov 20 03:34:59 2022
CODE: 0 - THREAD_ID: 1
ClientSocket: 6; Start: Sun Nov 20 03:34:59 2022
CODE: 0 - THREAD_ID: 0
ClientSocket: 5; Path: /home/dev1/Programas/SD/App/index.html
 End: Sun Nov 20 03:34:59 2022; Duration: 0.00000000; Status: SUCCESS

CODE: 0 - THREAD_ID: 2
ClientSocket: 7; Start: Sun Nov 20 03:35:07 2022
CODE: 0 - THREAD_ID: 2
ClientSocket: 7; Path: /home/dev1/Programas/SD/App/index.html
 End: Sun Nov 20 03:35:07 2022; Duration: 0.00000000; Status: SUCCESS

